[35m[1mConsolidate compiler generated dependencies of target moveit_ros_benchmarks[0m
[ 20%] [32mBuilding CXX object CMakeFiles/moveit_ros_benchmarks.dir/src/BenchmarkExecutor.cpp.o[0m
gmake[2]: *** wait: No child processes.  Stop.
gmake[2]: *** Waiting for unfinished jobs....
gmake[2]: *** wait: No child processes.  Stop.
gmake[1]: *** [CMakeFiles/Makefile2:139: CMakeFiles/moveit_ros_benchmarks.dir/all] Error 2
gmake: *** [Makefile:146: all] Interrupt
